2023-05-29 19:10:32,437 INFO o.a.j.u.JMeterUtils: Setting Locale to en_GB
2023-05-29 19:10:32,495 INFO o.a.j.JMeter: Loading user properties from: /Users/atlantic/Desktop/apache-jmeter/bin/user.properties
2023-05-29 19:10:32,496 INFO o.a.j.JMeter: Loading system properties from: /Users/atlantic/Desktop/apache-jmeter/bin/system.properties
2023-05-29 19:10:32,504 INFO o.a.j.JMeter: Copyright (c) 1998-2022 The Apache Software Foundation
2023-05-29 19:10:32,504 INFO o.a.j.JMeter: Version 5.5
2023-05-29 19:10:32,504 INFO o.a.j.JMeter: java.version=11.0.12
2023-05-29 19:10:32,504 INFO o.a.j.JMeter: java.vm.name=Java HotSpot(TM) 64-Bit Server VM
2023-05-29 19:10:32,504 INFO o.a.j.JMeter: os.name=Mac OS X
2023-05-29 19:10:32,504 INFO o.a.j.JMeter: os.arch=x86_64
2023-05-29 19:10:32,504 INFO o.a.j.JMeter: os.version=11.3
2023-05-29 19:10:32,504 INFO o.a.j.JMeter: file.encoding=UTF-8
2023-05-29 19:10:32,504 INFO o.a.j.JMeter: java.awt.headless=null
2023-05-29 19:10:32,504 INFO o.a.j.JMeter: Max memory     =2147483648
2023-05-29 19:10:32,504 INFO o.a.j.JMeter: Available Processors =8
2023-05-29 19:10:32,516 INFO o.a.j.JMeter: Default Locale=English (United Kingdom)
2023-05-29 19:10:32,516 INFO o.a.j.JMeter: JMeter  Locale=English (United Kingdom)
2023-05-29 19:10:32,516 INFO o.a.j.JMeter: JMeterHome=/Users/atlantic/Desktop/apache-jmeter
2023-05-29 19:10:32,516 INFO o.a.j.JMeter: user.dir  =/Users/atlantic/Desktop/CypressAutomation1
2023-05-29 19:10:32,516 INFO o.a.j.JMeter: PWD       =/Users/atlantic/Desktop/CypressAutomation1
2023-05-29 19:10:32,518 INFO o.a.j.JMeter: IP: 127.0.0.1 Name: Atlantics-MacBook-Pro.local FullName: localhost
2023-05-29 19:10:32,539 INFO o.a.j.JMeter: Loaded icon properties from org/apache/jmeter/images/icon.properties
2023-05-29 19:10:34,114 INFO o.a.j.JMeterGuiLauncher: Setting LAF to: com.github.weisj.darklaf.DarkLaf:com.github.weisj.darklaf.theme.DarculaTheme
2023-05-29 19:10:37,076 INFO o.j.r.JARSourceHTTP: Requesting https://jmeter-plugins.org/repo/?installID=mac_os_x-740ee9be054538b4222e8123287c36e3-gui
2023-05-29 19:10:38,861 INFO o.j.r.PluginManager: Plugins Status: [jpgc-casutg=2.10, jpgc-plugins-manager=1.7, jmeter-core=5.5, jmeter-ftp=5.5, jmeter-http=5.5, jmeter-jdbc=5.5, jmeter-jms=5.5, jmeter-junit=5.5, jmeter-java=5.5, jmeter-ldap=5.5, jmeter-mail=5.5, jmeter-mongodb=5.5, jmeter-native=5.5, jmeter-tcp=5.5, jmeter-components=5.5]
2023-05-29 19:10:38,862 INFO o.j.r.PluginManagerMenuItem: Plugins Manager has upgrades: [jpgc-plugins-manager]
2023-05-29 19:13:57,929 INFO o.a.j.s.SampleResult: Note: Sample TimeStamps are START times
2023-05-29 19:13:57,929 INFO o.a.j.s.SampleResult: sampleresult.default.encoding is set to ISO-8859-1
2023-05-29 19:13:57,929 INFO o.a.j.s.SampleResult: sampleresult.useNanoTime=true
2023-05-29 19:13:57,929 INFO o.a.j.s.SampleResult: sampleresult.nanoThreadSleep=5000
2023-05-29 19:13:58,136 INFO o.a.j.v.ViewResultsFullVisualizer: Add JavaFX to your Java installation if you want to use renderer: org.apache.jmeter.visualizers.RenderInBrowser
2023-05-29 19:14:07,203 INFO o.a.j.v.ViewResultsFullVisualizer: Add JavaFX to your Java installation if you want to use renderer: org.apache.jmeter.visualizers.RenderInBrowser
2023-05-29 19:20:05,644 INFO o.a.j.s.FileServer: Default base='/Users/atlantic/Desktop/CypressAutomation1'
2023-05-29 19:20:05,649 INFO o.a.j.g.a.Load: Loading file: /Users/atlantic/Downloads/petstore1.jmx
2023-05-29 19:20:05,649 INFO o.a.j.s.FileServer: Set new base='/Users/atlantic/Downloads'
2023-05-29 19:20:05,924 INFO o.a.j.s.SaveService: Testplan (JMX) version: 2.2. Testlog (JTL) version: 2.2
2023-05-29 19:20:05,938 INFO o.a.j.s.SaveService: Using SaveService properties version 5.0
2023-05-29 19:20:05,940 INFO o.a.j.s.SaveService: Using SaveService properties file encoding UTF-8
2023-05-29 19:20:05,942 INFO o.a.j.s.SaveService: Loading file: /Users/atlantic/Downloads/petstore1.jmx
2023-05-29 19:20:06,155 INFO o.a.j.p.h.c.CookieManager: Settings: Delete null: true Check: true Allow variable: true Save: false Prefix: COOKIE_
2023-05-29 19:20:06,159 INFO o.a.j.p.h.c.CacheManager: Will only cache the following methods: [GET]
2023-05-29 19:20:06,163 INFO o.a.j.p.h.s.HTTPSamplerBase: Parser for text/html is org.apache.jmeter.protocol.http.parser.LagartoBasedHtmlParser
2023-05-29 19:20:06,163 INFO o.a.j.p.h.s.HTTPSamplerBase: Parser for application/xhtml+xml is org.apache.jmeter.protocol.http.parser.LagartoBasedHtmlParser
2023-05-29 19:20:06,163 INFO o.a.j.p.h.s.HTTPSamplerBase: Parser for application/xml is org.apache.jmeter.protocol.http.parser.LagartoBasedHtmlParser
2023-05-29 19:20:06,163 INFO o.a.j.p.h.s.HTTPSamplerBase: Parser for text/xml is org.apache.jmeter.protocol.http.parser.LagartoBasedHtmlParser
2023-05-29 19:20:06,163 INFO o.a.j.p.h.s.HTTPSamplerBase: Parser for text/vnd.wap.wml is org.apache.jmeter.protocol.http.parser.RegexpHTMLParser
2023-05-29 19:20:06,163 INFO o.a.j.p.h.s.HTTPSamplerBase: Parser for text/css is org.apache.jmeter.protocol.http.parser.CssParser
2023-05-29 19:20:06,447 INFO o.a.j.v.ViewResultsFullVisualizer: Add JavaFX to your Java installation if you want to use renderer: org.apache.jmeter.visualizers.RenderInBrowser
2023-05-29 19:20:06,499 INFO o.a.j.s.FileServer: Set new base='/Users/atlantic/Downloads'
2023-05-29 19:20:26,379 INFO o.a.j.v.ViewResultsFullVisualizer: Add JavaFX to your Java installation if you want to use renderer: org.apache.jmeter.visualizers.RenderInBrowser
2023-05-29 19:22:54,540 INFO o.a.j.v.ViewResultsFullVisualizer: Add JavaFX to your Java installation if you want to use renderer: org.apache.jmeter.visualizers.RenderInBrowser
2023-05-29 19:23:03,824 INFO o.a.j.e.StandardJMeterEngine: Running the test!
2023-05-29 19:23:03,825 INFO o.a.j.s.SampleEvent: List of sample_variables: []
2023-05-29 19:23:03,826 INFO o.a.j.s.SampleEvent: List of sample_variables: []
2023-05-29 19:23:03,827 INFO o.a.j.e.u.CompoundVariable: Note: Function class names must contain the string: '.functions.'
2023-05-29 19:23:03,828 INFO o.a.j.e.u.CompoundVariable: Note: Function class names must not contain the string: '.gui.'
2023-05-29 19:23:04,131 INFO o.a.j.g.u.JMeterMenuBar: setRunning(true, *local*)
2023-05-29 19:23:04,208 INFO o.a.j.e.StandardJMeterEngine: Starting ThreadGroup: 1 : Thread Group
2023-05-29 19:23:04,208 INFO o.a.j.e.StandardJMeterEngine: Starting 5 threads for group Thread Group.
2023-05-29 19:23:04,209 INFO o.a.j.e.StandardJMeterEngine: Thread will continue on error
2023-05-29 19:23:04,209 INFO o.a.j.t.ThreadGroup: Starting thread group... number=1 threads=5 ramp-up=5 delayedStart=false
2023-05-29 19:23:04,220 INFO o.a.j.t.JMeterThread: Thread started: Thread Group 1-1
2023-05-29 19:23:04,227 INFO o.a.j.t.ThreadGroup: Started thread group number 1
2023-05-29 19:23:04,227 INFO o.a.j.e.StandardJMeterEngine: All thread groups have been started
2023-05-29 19:23:04,232 INFO o.a.j.p.h.s.HTTPHCAbstractImpl: Local host = Atlantics-MacBook-Pro.local
2023-05-29 19:23:04,242 INFO o.a.j.p.h.s.HTTPHC4Impl: HTTP request retry count = 0
2023-05-29 19:23:04,313 INFO o.a.j.p.h.s.h.LazyLayeredConnectionSocketFactory: Setting up HTTPS TrustAll Socket Factory
2023-05-29 19:23:04,316 INFO o.a.j.u.JsseSSLManager: Using default SSL protocol: TLS
2023-05-29 19:23:04,316 INFO o.a.j.u.JsseSSLManager: SSL session context: per-thread
2023-05-29 19:23:04,351 INFO o.a.j.u.SSLManager: JmeterKeyStore Location:  type JKS
2023-05-29 19:23:04,352 INFO o.a.j.u.SSLManager: KeyStore created OK
2023-05-29 19:23:04,352 WARN o.a.j.u.SSLManager: Keystore file not found, loading empty keystore
2023-05-29 19:23:05,217 INFO o.a.j.t.JMeterThread: Thread started: Thread Group 1-2
2023-05-29 19:23:06,216 INFO o.a.j.t.JMeterThread: Thread started: Thread Group 1-3
2023-05-29 19:23:07,215 INFO o.a.j.t.JMeterThread: Thread started: Thread Group 1-4
2023-05-29 19:23:08,216 INFO o.a.j.t.JMeterThread: Thread started: Thread Group 1-5
2023-05-29 19:23:10,785 INFO o.a.j.t.JMeterThread: Thread is done: Thread Group 1-1
2023-05-29 19:23:10,786 INFO o.a.j.t.JMeterThread: Thread finished: Thread Group 1-1
2023-05-29 19:23:11,136 INFO o.a.j.t.JMeterThread: Thread is done: Thread Group 1-2
2023-05-29 19:23:11,136 INFO o.a.j.t.JMeterThread: Thread finished: Thread Group 1-2
2023-05-29 19:23:12,784 INFO o.a.j.t.JMeterThread: Thread is done: Thread Group 1-3
2023-05-29 19:23:12,784 INFO o.a.j.t.JMeterThread: Thread finished: Thread Group 1-3
2023-05-29 19:23:14,518 INFO o.a.j.t.JMeterThread: Thread is done: Thread Group 1-4
2023-05-29 19:23:14,518 INFO o.a.j.t.JMeterThread: Thread finished: Thread Group 1-4
2023-05-29 19:23:15,571 INFO o.a.j.t.JMeterThread: Thread is done: Thread Group 1-5
2023-05-29 19:23:15,571 INFO o.a.j.t.JMeterThread: Thread finished: Thread Group 1-5
2023-05-29 19:23:15,571 INFO o.a.j.e.StandardJMeterEngine: Notifying test listeners of end of test
2023-05-29 19:23:15,572 INFO o.a.j.g.u.JMeterMenuBar: setRunning(false, *local*)
2023-05-29 19:23:33,146 INFO o.a.j.e.StandardJMeterEngine: Running the test!
2023-05-29 19:23:33,147 INFO o.a.j.s.SampleEvent: List of sample_variables: []
2023-05-29 19:23:33,150 INFO o.a.j.g.u.JMeterMenuBar: setRunning(true, *local*)
2023-05-29 19:23:33,223 INFO o.a.j.e.StandardJMeterEngine: Starting ThreadGroup: 1 : Thread Group
2023-05-29 19:23:33,223 INFO o.a.j.e.StandardJMeterEngine: Starting 10 threads for group Thread Group.
2023-05-29 19:23:33,223 INFO o.a.j.e.StandardJMeterEngine: Thread will continue on error
2023-05-29 19:23:33,223 INFO o.a.j.t.ThreadGroup: Starting thread group... number=1 threads=10 ramp-up=5 delayedStart=false
2023-05-29 19:23:33,225 INFO o.a.j.t.JMeterThread: Thread started: Thread Group 1-1
2023-05-29 19:23:33,235 INFO o.a.j.t.ThreadGroup: Started thread group number 1
2023-05-29 19:23:33,235 INFO o.a.j.e.StandardJMeterEngine: All thread groups have been started
2023-05-29 19:23:33,728 INFO o.a.j.t.JMeterThread: Thread started: Thread Group 1-2
2023-05-29 19:23:34,227 INFO o.a.j.t.JMeterThread: Thread started: Thread Group 1-3
2023-05-29 19:23:34,729 INFO o.a.j.t.JMeterThread: Thread started: Thread Group 1-4
2023-05-29 19:23:35,229 INFO o.a.j.t.JMeterThread: Thread started: Thread Group 1-5
2023-05-29 19:23:35,728 INFO o.a.j.t.JMeterThread: Thread started: Thread Group 1-6
2023-05-29 19:23:36,227 INFO o.a.j.t.JMeterThread: Thread started: Thread Group 1-7
2023-05-29 19:23:36,728 INFO o.a.j.t.JMeterThread: Thread started: Thread Group 1-8
2023-05-29 19:23:37,229 INFO o.a.j.t.JMeterThread: Thread started: Thread Group 1-9
2023-05-29 19:23:37,728 INFO o.a.j.t.JMeterThread: Thread started: Thread Group 1-10
2023-05-29 19:23:39,183 INFO o.a.j.t.JMeterThread: Thread is done: Thread Group 1-2
2023-05-29 19:23:39,184 INFO o.a.j.t.JMeterThread: Thread finished: Thread Group 1-2
2023-05-29 19:23:39,746 INFO o.a.j.t.JMeterThread: Thread is done: Thread Group 1-1
2023-05-29 19:23:39,746 INFO o.a.j.t.JMeterThread: Thread finished: Thread Group 1-1
2023-05-29 19:23:40,926 INFO o.a.j.t.JMeterThread: Thread is done: Thread Group 1-4
2023-05-29 19:23:40,927 INFO o.a.j.t.JMeterThread: Thread finished: Thread Group 1-4
2023-05-29 19:23:42,491 INFO o.a.j.t.JMeterThread: Thread is done: Thread Group 1-3
2023-05-29 19:23:42,492 INFO o.a.j.t.JMeterThread: Thread finished: Thread Group 1-3
2023-05-29 19:23:42,599 INFO o.a.j.t.JMeterThread: Thread is done: Thread Group 1-6
2023-05-29 19:23:42,600 INFO o.a.j.t.JMeterThread: Thread finished: Thread Group 1-6
2023-05-29 19:23:42,638 INFO o.a.j.t.JMeterThread: Thread is done: Thread Group 1-7
2023-05-29 19:23:42,638 INFO o.a.j.t.JMeterThread: Thread finished: Thread Group 1-7
2023-05-29 19:23:42,894 INFO o.a.j.t.JMeterThread: Thread is done: Thread Group 1-5
2023-05-29 19:23:42,895 INFO o.a.j.t.JMeterThread: Thread finished: Thread Group 1-5
2023-05-29 19:23:42,895 INFO o.a.j.t.JMeterThread: Thread is done: Thread Group 1-10
2023-05-29 19:23:42,896 INFO o.a.j.t.JMeterThread: Thread finished: Thread Group 1-10
2023-05-29 19:23:44,157 INFO o.a.j.t.JMeterThread: Thread is done: Thread Group 1-8
2023-05-29 19:23:44,157 INFO o.a.j.t.JMeterThread: Thread finished: Thread Group 1-8
2023-05-29 19:23:44,493 INFO o.a.j.t.JMeterThread: Thread is done: Thread Group 1-9
2023-05-29 19:23:44,493 INFO o.a.j.t.JMeterThread: Thread finished: Thread Group 1-9
2023-05-29 19:23:44,494 INFO o.a.j.e.StandardJMeterEngine: Notifying test listeners of end of test
2023-05-29 19:23:44,494 INFO o.a.j.g.u.JMeterMenuBar: setRunning(false, *local*)
2023-05-29 19:24:10,312 INFO o.a.j.e.StandardJMeterEngine: Running the test!
2023-05-29 19:24:10,313 INFO o.a.j.s.SampleEvent: List of sample_variables: []
2023-05-29 19:24:10,315 INFO o.a.j.g.u.JMeterMenuBar: setRunning(true, *local*)
2023-05-29 19:24:10,366 INFO o.a.j.e.StandardJMeterEngine: Starting ThreadGroup: 1 : Thread Group
2023-05-29 19:24:10,367 INFO o.a.j.e.StandardJMeterEngine: Starting 10 threads for group Thread Group.
2023-05-29 19:24:10,367 INFO o.a.j.e.StandardJMeterEngine: Thread will continue on error
2023-05-29 19:24:10,367 INFO o.a.j.t.ThreadGroup: Starting thread group... number=1 threads=10 ramp-up=5 delayedStart=false
2023-05-29 19:24:10,369 INFO o.a.j.t.JMeterThread: Thread started: Thread Group 1-1
2023-05-29 19:24:10,374 INFO o.a.j.t.ThreadGroup: Started thread group number 1
2023-05-29 19:24:10,375 INFO o.a.j.e.StandardJMeterEngine: All thread groups have been started
2023-05-29 19:24:10,873 INFO o.a.j.t.JMeterThread: Thread started: Thread Group 1-2
2023-05-29 19:24:11,371 INFO o.a.j.t.JMeterThread: Thread started: Thread Group 1-3
2023-05-29 19:24:11,872 INFO o.a.j.t.JMeterThread: Thread started: Thread Group 1-4
2023-05-29 19:24:12,372 INFO o.a.j.t.JMeterThread: Thread started: Thread Group 1-5
2023-05-29 19:24:12,873 INFO o.a.j.t.JMeterThread: Thread started: Thread Group 1-6
2023-05-29 19:24:13,373 INFO o.a.j.t.JMeterThread: Thread started: Thread Group 1-7
2023-05-29 19:24:13,871 INFO o.a.j.t.JMeterThread: Thread started: Thread Group 1-8
2023-05-29 19:24:14,372 INFO o.a.j.t.JMeterThread: Thread started: Thread Group 1-9
2023-05-29 19:24:14,872 INFO o.a.j.t.JMeterThread: Thread started: Thread Group 1-10
2023-05-29 19:24:15,726 INFO o.a.j.t.JMeterThread: Thread is done: Thread Group 1-1
2023-05-29 19:24:15,726 INFO o.a.j.t.JMeterThread: Thread finished: Thread Group 1-1
2023-05-29 19:24:15,819 INFO o.a.j.t.JMeterThread: Thread is done: Thread Group 1-2
2023-05-29 19:24:15,819 INFO o.a.j.t.JMeterThread: Thread finished: Thread Group 1-2
2023-05-29 19:24:18,285 INFO o.a.j.t.JMeterThread: Thread is done: Thread Group 1-5
2023-05-29 19:24:18,287 INFO o.a.j.t.JMeterThread: Thread finished: Thread Group 1-5
2023-05-29 19:24:19,026 INFO o.a.j.t.JMeterThread: Thread is done: Thread Group 1-6
2023-05-29 19:24:19,027 INFO o.a.j.t.JMeterThread: Thread finished: Thread Group 1-6
2023-05-29 19:24:19,052 INFO o.a.j.t.JMeterThread: Thread is done: Thread Group 1-4
2023-05-29 19:24:19,053 INFO o.a.j.t.JMeterThread: Thread finished: Thread Group 1-4
2023-05-29 19:24:19,815 INFO o.a.j.t.JMeterThread: Thread is done: Thread Group 1-3
2023-05-29 19:24:19,815 INFO o.a.j.t.JMeterThread: Thread finished: Thread Group 1-3
2023-05-29 19:24:20,224 INFO o.a.j.t.JMeterThread: Thread is done: Thread Group 1-8
2023-05-29 19:24:20,224 INFO o.a.j.t.JMeterThread: Thread finished: Thread Group 1-8
2023-05-29 19:24:20,295 INFO o.a.j.t.JMeterThread: Thread is done: Thread Group 1-9
2023-05-29 19:24:20,296 INFO o.a.j.t.JMeterThread: Thread finished: Thread Group 1-9
2023-05-29 19:24:20,700 INFO o.a.j.t.JMeterThread: Thread is done: Thread Group 1-10
2023-05-29 19:24:20,701 INFO o.a.j.t.JMeterThread: Thread finished: Thread Group 1-10
2023-05-29 19:24:21,231 INFO o.a.j.t.JMeterThread: Thread is done: Thread Group 1-7
2023-05-29 19:24:21,231 INFO o.a.j.t.JMeterThread: Thread finished: Thread Group 1-7
2023-05-29 19:24:21,231 INFO o.a.j.e.StandardJMeterEngine: Notifying test listeners of end of test
2023-05-29 19:24:21,232 INFO o.a.j.g.u.JMeterMenuBar: setRunning(false, *local*)
2023-05-29 19:42:50,244 INFO o.a.j.g.a.Load: Loading file: /Users/atlantic/Downloads/petstore4.jmx
2023-05-29 19:42:50,247 INFO o.a.j.s.FileServer: Set new base='/Users/atlantic/Downloads'
2023-05-29 19:42:50,247 INFO o.a.j.s.SaveService: Loading file: /Users/atlantic/Downloads/petstore4.jmx
2023-05-29 19:42:51,125 INFO o.a.j.s.FileServer: Set new base='/Users/atlantic/Downloads'
2023-05-29 19:44:00,647 INFO o.a.j.v.ViewResultsFullVisualizer: Add JavaFX to your Java installation if you want to use renderer: org.apache.jmeter.visualizers.RenderInBrowser
2023-05-29 19:44:11,343 INFO o.a.j.e.StandardJMeterEngine: Running the test!
2023-05-29 19:44:11,345 INFO o.a.j.s.SampleEvent: List of sample_variables: []
2023-05-29 19:44:11,355 INFO o.a.j.g.u.JMeterMenuBar: setRunning(true, *local*)
2023-05-29 19:44:11,478 INFO o.a.j.e.StandardJMeterEngine: Starting ThreadGroup: 1 : Thread Group
2023-05-29 19:44:11,478 INFO o.a.j.e.StandardJMeterEngine: Starting 2 threads for group Thread Group.
2023-05-29 19:44:11,479 INFO o.a.j.e.StandardJMeterEngine: Thread will continue on error
2023-05-29 19:44:11,479 INFO o.a.j.t.ThreadGroup: Starting thread group... number=1 threads=2 ramp-up=2 delayedStart=false
2023-05-29 19:44:11,488 INFO o.a.j.t.ThreadGroup: Started thread group number 1
2023-05-29 19:44:11,488 INFO o.a.j.e.StandardJMeterEngine: All thread groups have been started
2023-05-29 19:44:11,497 INFO o.a.j.t.JMeterThread: Thread started: Thread Group 1-1
2023-05-29 19:44:12,496 INFO o.a.j.t.JMeterThread: Thread started: Thread Group 1-2
2023-05-29 19:44:40,489 INFO o.a.j.t.JMeterThread: Thread is done: Thread Group 1-1
2023-05-29 19:44:40,490 INFO o.a.j.t.JMeterThread: Thread finished: Thread Group 1-1
2023-05-29 19:44:42,743 INFO o.a.j.t.JMeterThread: Thread is done: Thread Group 1-2
2023-05-29 19:44:42,743 INFO o.a.j.t.JMeterThread: Thread finished: Thread Group 1-2
2023-05-29 19:44:42,745 INFO o.a.j.e.StandardJMeterEngine: Notifying test listeners of end of test
2023-05-29 19:44:42,748 INFO o.a.j.g.u.JMeterMenuBar: setRunning(false, *local*)
2023-05-29 19:45:41,679 INFO o.a.j.e.StandardJMeterEngine: Running the test!
2023-05-29 19:45:41,680 INFO o.a.j.s.SampleEvent: List of sample_variables: []
2023-05-29 19:45:41,688 INFO o.a.j.g.u.JMeterMenuBar: setRunning(true, *local*)
2023-05-29 19:45:41,853 INFO o.a.j.e.StandardJMeterEngine: Starting ThreadGroup: 1 : Thread Group
2023-05-29 19:45:41,853 INFO o.a.j.e.StandardJMeterEngine: Starting 2 threads for group Thread Group.
2023-05-29 19:45:41,854 INFO o.a.j.e.StandardJMeterEngine: Thread will continue on error
2023-05-29 19:45:41,854 INFO o.a.j.t.ThreadGroup: Starting thread group... number=1 threads=2 ramp-up=2 delayedStart=false
2023-05-29 19:45:41,861 INFO o.a.j.t.ThreadGroup: Started thread group number 1
2023-05-29 19:45:41,861 INFO o.a.j.e.StandardJMeterEngine: All thread groups have been started
2023-05-29 19:45:41,871 INFO o.a.j.t.JMeterThread: Thread started: Thread Group 1-1
2023-05-29 19:45:42,872 INFO o.a.j.t.JMeterThread: Thread started: Thread Group 1-2
2023-05-29 19:46:13,751 INFO o.a.j.t.JMeterThread: Thread is done: Thread Group 1-1
2023-05-29 19:46:13,751 INFO o.a.j.t.JMeterThread: Thread finished: Thread Group 1-1
2023-05-29 19:46:15,148 INFO o.a.j.t.JMeterThread: Thread is done: Thread Group 1-2
2023-05-29 19:46:15,148 INFO o.a.j.t.JMeterThread: Thread finished: Thread Group 1-2
2023-05-29 19:46:15,149 INFO o.a.j.e.StandardJMeterEngine: Notifying test listeners of end of test
2023-05-29 19:46:15,149 INFO o.a.j.g.u.JMeterMenuBar: setRunning(false, *local*)
2023-05-29 19:46:25,428 INFO o.a.j.e.StandardJMeterEngine: Running the test!
2023-05-29 19:46:25,428 INFO o.a.j.s.SampleEvent: List of sample_variables: []
2023-05-29 19:46:25,434 INFO o.a.j.g.u.JMeterMenuBar: setRunning(true, *local*)
2023-05-29 19:46:25,495 INFO o.a.j.e.StandardJMeterEngine: Starting ThreadGroup: 1 : Thread Group
2023-05-29 19:46:25,495 INFO o.a.j.e.StandardJMeterEngine: Starting 5 threads for group Thread Group.
2023-05-29 19:46:25,495 INFO o.a.j.e.StandardJMeterEngine: Thread will continue on error
2023-05-29 19:46:25,495 INFO o.a.j.t.ThreadGroup: Starting thread group... number=1 threads=5 ramp-up=5 delayedStart=false
2023-05-29 19:46:25,511 INFO o.a.j.t.ThreadGroup: Started thread group number 1
2023-05-29 19:46:25,511 INFO o.a.j.e.StandardJMeterEngine: All thread groups have been started
2023-05-29 19:46:25,512 INFO o.a.j.t.JMeterThread: Thread started: Thread Group 1-1
2023-05-29 19:46:26,513 INFO o.a.j.t.JMeterThread: Thread started: Thread Group 1-2
2023-05-29 19:46:27,520 INFO o.a.j.t.JMeterThread: Thread started: Thread Group 1-3
2023-05-29 19:46:28,516 INFO o.a.j.t.JMeterThread: Thread started: Thread Group 1-4
2023-05-29 19:46:29,517 INFO o.a.j.t.JMeterThread: Thread started: Thread Group 1-5
2023-05-29 19:46:52,068 INFO o.a.j.t.JMeterThread: Thread is done: Thread Group 1-2
2023-05-29 19:46:52,069 INFO o.a.j.t.JMeterThread: Thread finished: Thread Group 1-2
2023-05-29 19:46:54,667 INFO o.a.j.t.JMeterThread: Thread is done: Thread Group 1-1
2023-05-29 19:46:54,667 INFO o.a.j.t.JMeterThread: Thread finished: Thread Group 1-1
2023-05-29 19:46:54,948 INFO o.a.j.t.JMeterThread: Thread is done: Thread Group 1-5
2023-05-29 19:46:54,948 INFO o.a.j.t.JMeterThread: Thread finished: Thread Group 1-5
2023-05-29 19:46:58,705 INFO o.a.j.t.JMeterThread: Thread is done: Thread Group 1-3
2023-05-29 19:46:58,705 INFO o.a.j.t.JMeterThread: Thread finished: Thread Group 1-3
2023-05-29 19:47:01,459 INFO o.a.j.t.JMeterThread: Thread is done: Thread Group 1-4
2023-05-29 19:47:01,459 INFO o.a.j.t.JMeterThread: Thread finished: Thread Group 1-4
2023-05-29 19:47:01,461 INFO o.a.j.e.StandardJMeterEngine: Notifying test listeners of end of test
2023-05-29 19:47:01,461 INFO o.a.j.g.u.JMeterMenuBar: setRunning(false, *local*)
2023-05-29 19:47:44,822 INFO o.a.j.e.StandardJMeterEngine: Running the test!
2023-05-29 19:47:44,822 INFO o.a.j.s.SampleEvent: List of sample_variables: []
2023-05-29 19:47:44,828 INFO o.a.j.g.u.JMeterMenuBar: setRunning(true, *local*)
2023-05-29 19:47:44,905 INFO o.a.j.e.StandardJMeterEngine: Starting ThreadGroup: 1 : Thread Group
2023-05-29 19:47:44,905 INFO o.a.j.e.StandardJMeterEngine: Starting 5 threads for group Thread Group.
2023-05-29 19:47:44,905 INFO o.a.j.e.StandardJMeterEngine: Thread will continue on error
2023-05-29 19:47:44,905 INFO o.a.j.t.ThreadGroup: Starting thread group... number=1 threads=5 ramp-up=5 delayedStart=false
2023-05-29 19:47:44,923 INFO o.a.j.t.ThreadGroup: Started thread group number 1
2023-05-29 19:47:44,924 INFO o.a.j.e.StandardJMeterEngine: All thread groups have been started
2023-05-29 19:47:44,925 INFO o.a.j.t.JMeterThread: Thread started: Thread Group 1-1
2023-05-29 19:47:45,932 INFO o.a.j.t.JMeterThread: Thread started: Thread Group 1-2
2023-05-29 19:47:46,931 INFO o.a.j.t.JMeterThread: Thread started: Thread Group 1-3
2023-05-29 19:47:47,934 INFO o.a.j.t.JMeterThread: Thread started: Thread Group 1-4
2023-05-29 19:47:48,931 INFO o.a.j.t.JMeterThread: Thread started: Thread Group 1-5
2023-05-29 19:48:10,106 INFO o.a.j.t.JMeterThread: Thread is done: Thread Group 1-5
2023-05-29 19:48:10,108 INFO o.a.j.t.JMeterThread: Thread finished: Thread Group 1-5
2023-05-29 19:48:10,553 INFO o.a.j.t.JMeterThread: Thread is done: Thread Group 1-2
2023-05-29 19:48:10,553 INFO o.a.j.t.JMeterThread: Thread finished: Thread Group 1-2
2023-05-29 19:48:14,264 INFO o.a.j.t.JMeterThread: Thread is done: Thread Group 1-3
2023-05-29 19:48:14,264 INFO o.a.j.t.JMeterThread: Thread finished: Thread Group 1-3
2023-05-29 19:48:16,795 INFO o.a.j.t.JMeterThread: Thread is done: Thread Group 1-1
2023-05-29 19:48:16,795 INFO o.a.j.t.JMeterThread: Thread finished: Thread Group 1-1
2023-05-29 19:48:16,839 INFO o.a.j.t.JMeterThread: Thread is done: Thread Group 1-4
2023-05-29 19:48:16,839 INFO o.a.j.t.JMeterThread: Thread finished: Thread Group 1-4
2023-05-29 19:48:16,840 INFO o.a.j.e.StandardJMeterEngine: Notifying test listeners of end of test
2023-05-29 19:48:16,840 INFO o.a.j.g.u.JMeterMenuBar: setRunning(false, *local*)
2023-05-29 19:48:49,422 INFO o.a.j.e.StandardJMeterEngine: Running the test!
2023-05-29 19:48:49,422 INFO o.a.j.s.SampleEvent: List of sample_variables: []
2023-05-29 19:48:49,427 INFO o.a.j.g.u.JMeterMenuBar: setRunning(true, *local*)
2023-05-29 19:48:49,494 INFO o.a.j.e.StandardJMeterEngine: Starting ThreadGroup: 1 : Thread Group
2023-05-29 19:48:49,495 INFO o.a.j.e.StandardJMeterEngine: Starting 5 threads for group Thread Group.
2023-05-29 19:48:49,495 INFO o.a.j.e.StandardJMeterEngine: Thread will continue on error
2023-05-29 19:48:49,495 INFO o.a.j.t.ThreadGroup: Starting thread group... number=1 threads=5 ramp-up=5 delayedStart=false
2023-05-29 19:48:49,514 INFO o.a.j.t.ThreadGroup: Started thread group number 1
2023-05-29 19:48:49,515 INFO o.a.j.e.StandardJMeterEngine: All thread groups have been started
2023-05-29 19:48:49,515 INFO o.a.j.t.JMeterThread: Thread started: Thread Group 1-1
2023-05-29 19:48:50,520 INFO o.a.j.t.JMeterThread: Thread started: Thread Group 1-2
2023-05-29 19:48:51,519 INFO o.a.j.t.JMeterThread: Thread started: Thread Group 1-3
2023-05-29 19:48:52,519 INFO o.a.j.t.JMeterThread: Thread started: Thread Group 1-4
2023-05-29 19:48:53,518 INFO o.a.j.t.JMeterThread: Thread started: Thread Group 1-5
2023-05-29 19:49:13,991 INFO o.a.j.t.JMeterThread: Thread is done: Thread Group 1-1
2023-05-29 19:49:13,993 INFO o.a.j.t.JMeterThread: Thread finished: Thread Group 1-1
2023-05-29 19:49:20,524 INFO o.a.j.t.JMeterThread: Thread is done: Thread Group 1-3
2023-05-29 19:49:20,525 INFO o.a.j.t.JMeterThread: Thread finished: Thread Group 1-3
2023-05-29 19:49:20,714 INFO o.a.j.t.JMeterThread: Thread is done: Thread Group 1-2
2023-05-29 19:49:20,714 INFO o.a.j.t.JMeterThread: Thread finished: Thread Group 1-2
2023-05-29 19:49:20,986 INFO o.a.j.t.JMeterThread: Thread is done: Thread Group 1-4
2023-05-29 19:49:20,986 INFO o.a.j.t.JMeterThread: Thread finished: Thread Group 1-4
2023-05-29 19:49:23,609 INFO o.a.j.t.JMeterThread: Thread is done: Thread Group 1-5
2023-05-29 19:49:23,609 INFO o.a.j.t.JMeterThread: Thread finished: Thread Group 1-5
2023-05-29 19:49:23,610 INFO o.a.j.e.StandardJMeterEngine: Notifying test listeners of end of test
2023-05-29 19:49:23,610 INFO o.a.j.g.u.JMeterMenuBar: setRunning(false, *local*)
2023-05-29 20:02:02,256 INFO o.a.j.g.a.t.TemplateManager: Reading templates from: /Users/atlantic/Desktop/apache-jmeter/bin/templates/templates.xml
2023-05-29 20:02:28,811 INFO o.a.j.g.a.Load: Loading file: /Users/atlantic/Desktop/apache-jmeter/bin/templates/build-web-test-plan.jmx
2023-05-29 20:02:28,811 INFO o.a.j.s.SaveService: Loading file: /Users/atlantic/Desktop/apache-jmeter/bin/templates/build-web-test-plan.jmx
2023-05-29 20:02:28,909 INFO o.a.j.v.ViewResultsFullVisualizer: Add JavaFX to your Java installation if you want to use renderer: org.apache.jmeter.visualizers.RenderInBrowser
2023-05-29 20:03:06,615 INFO o.a.j.g.a.Load: Loading file: /Users/atlantic/Desktop/apache-jmeter/bin/templates/jdbc.jmx
2023-05-29 20:03:06,616 INFO o.a.j.s.SaveService: Loading file: /Users/atlantic/Desktop/apache-jmeter/bin/templates/jdbc.jmx
2023-05-29 20:03:06,760 INFO o.a.j.v.ViewResultsFullVisualizer: Add JavaFX to your Java installation if you want to use renderer: org.apache.jmeter.visualizers.RenderInBrowser
2023-05-29 20:06:08,061 INFO o.a.j.g.a.Load: Loading file: /Users/atlantic/Downloads/demoblaze.com.jmx
2023-05-29 20:06:08,064 INFO o.a.j.s.FileServer: Set new base='/Users/atlantic/Downloads'
2023-05-29 20:06:08,065 INFO o.a.j.s.SaveService: Loading file: /Users/atlantic/Downloads/demoblaze.com.jmx
2023-05-29 20:06:08,081 WARN o.j.r.p.TestPlanAnalyzer: Failed read jmx file
java.io.FileNotFoundException: /Users/atlantic/Downloads/demoblaze.com.jmx (No such file or directory)
	at java.io.FileInputStream.open0(Native Method) ~[?:?]
	at java.io.FileInputStream.open(FileInputStream.java:219) ~[?:?]
	at java.io.FileInputStream.<init>(FileInputStream.java:157) ~[?:?]
	at org.jmeterplugins.repository.plugins.TestPlanAnalyzer.readBytesFromFile(TestPlanAnalyzer.java:68) ~[jmeter-plugins-manager-1.7.jar:?]
	at org.jmeterplugins.repository.plugins.TestPlanAnalyzer.getNodeListWithClassNames(TestPlanAnalyzer.java:111) ~[jmeter-plugins-manager-1.7.jar:?]
	at org.jmeterplugins.repository.plugins.TestPlanAnalyzer.analyze(TestPlanAnalyzer.java:37) ~[jmeter-plugins-manager-1.7.jar:?]
	at org.jmeterplugins.repository.plugins.PluginSuggester.analyzeTestPlan(PluginSuggester.java:51) ~[jmeter-plugins-manager-1.7.jar:?]
	at org.jmeterplugins.repository.plugins.PluginSuggester.findPluginsToInstall(PluginSuggester.java:44) ~[jmeter-plugins-manager-1.7.jar:?]
	at org.jmeterplugins.repository.plugins.PluginSuggester.checkAndSuggest(PluginSuggester.java:28) ~[jmeter-plugins-manager-1.7.jar:?]
	at org.jmeterplugins.repository.logging.LoggerAppender.append(LoggerAppender.java:33) ~[jmeter-plugins-manager-1.7.jar:?]
	at org.apache.logging.log4j.core.config.AppenderControl.tryCallAppender(AppenderControl.java:161) ~[log4j-core-2.17.2.jar:2.17.2]
	at org.apache.logging.log4j.core.config.AppenderControl.callAppender0(AppenderControl.java:134) ~[log4j-core-2.17.2.jar:2.17.2]
	at org.apache.logging.log4j.core.config.AppenderControl.callAppenderPreventRecursion(AppenderControl.java:125) ~[log4j-core-2.17.2.jar:2.17.2]
	at org.apache.logging.log4j.core.config.AppenderControl.callAppender(AppenderControl.java:89) ~[log4j-core-2.17.2.jar:2.17.2]
	at org.apache.logging.log4j.core.config.LoggerConfig.callAppenders(LoggerConfig.java:675) ~[log4j-core-2.17.2.jar:2.17.2]
	at org.apache.logging.log4j.core.config.LoggerConfig.processLogEvent(LoggerConfig.java:633) ~[log4j-core-2.17.2.jar:2.17.2]
	at org.apache.logging.log4j.core.config.LoggerConfig.log(LoggerConfig.java:616) ~[log4j-core-2.17.2.jar:2.17.2]
	at org.apache.logging.log4j.core.config.LoggerConfig.log(LoggerConfig.java:552) ~[log4j-core-2.17.2.jar:2.17.2]
	at org.apache.logging.log4j.core.config.AwaitCompletionReliabilityStrategy.log(AwaitCompletionReliabilityStrategy.java:82) ~[log4j-core-2.17.2.jar:2.17.2]
	at org.apache.logging.log4j.core.Logger.log(Logger.java:161) ~[log4j-core-2.17.2.jar:2.17.2]
	at org.apache.logging.log4j.spi.AbstractLogger.tryLogMessage(AbstractLogger.java:2205) ~[log4j-api-2.17.2.jar:2.17.2]
	at org.apache.logging.log4j.spi.AbstractLogger.logMessageTrackRecursion(AbstractLogger.java:2159) ~[log4j-api-2.17.2.jar:2.17.2]
	at org.apache.logging.log4j.spi.AbstractLogger.logMessageSafely(AbstractLogger.java:2142) ~[log4j-api-2.17.2.jar:2.17.2]
	at org.apache.logging.log4j.spi.AbstractLogger.logMessage(AbstractLogger.java:2034) ~[log4j-api-2.17.2.jar:2.17.2]
	at org.apache.logging.log4j.spi.AbstractLogger.logIfEnabled(AbstractLogger.java:1899) ~[log4j-api-2.17.2.jar:2.17.2]
	at org.apache.logging.slf4j.Log4jLogger.info(Log4jLogger.java:184) ~[log4j-slf4j-impl-2.17.2.jar:2.17.2]
	at org.apache.jmeter.save.SaveService.loadTree(SaveService.java:425) ~[ApacheJMeter_core.jar:5.5]
	at org.apache.jmeter.gui.action.Load.loadProjectFile(Load.java:129) ~[ApacheJMeter_core.jar:5.5]
	at org.apache.jmeter.gui.action.Load.loadProjectFile(Load.java:101) ~[ApacheJMeter_core.jar:5.5]
	at org.apache.jmeter.gui.action.LoadRecentProject.doActionAfterCheck(LoadRecentProject.java:71) ~[ApacheJMeter_core.jar:5.5]
	at org.apache.jmeter.gui.action.AbstractActionWithNoRunningTest.doAction(AbstractActionWithNoRunningTest.java:44) ~[ApacheJMeter_core.jar:5.5]
	at org.apache.jmeter.gui.action.ActionRouter.performAction(ActionRouter.java:87) ~[ApacheJMeter_core.jar:5.5]
	at org.apache.jmeter.gui.action.ActionRouter.lambda$actionPerformed$0(ActionRouter.java:69) ~[ApacheJMeter_core.jar:5.5]
	at java.awt.event.InvocationEvent.dispatch(InvocationEvent.java:313) ~[?:?]
	at java.awt.EventQueue.dispatchEventImpl(EventQueue.java:770) ~[?:?]
	at java.awt.EventQueue$4.run(EventQueue.java:721) ~[?:?]
	at java.awt.EventQueue$4.run(EventQueue.java:715) ~[?:?]
	at java.security.AccessController.doPrivileged(Native Method) ~[?:?]
	at java.security.ProtectionDomain$JavaSecurityAccessImpl.doIntersectionPrivilege(ProtectionDomain.java:85) ~[?:?]
	at java.awt.EventQueue.dispatchEvent(EventQueue.java:740) ~[?:?]
	at java.awt.EventDispatchThread.pumpOneEventForFilters(EventDispatchThread.java:203) ~[?:?]
	at java.awt.EventDispatchThread.pumpEventsForFilter(EventDispatchThread.java:124) ~[?:?]
	at java.awt.EventDispatchThread.pumpEventsForHierarchy(EventDispatchThread.java:113) ~[?:?]
	at java.awt.EventDispatchThread.pumpEvents(EventDispatchThread.java:109) ~[?:?]
	at java.awt.EventDispatchThread.pumpEvents(EventDispatchThread.java:101) ~[?:?]
	at java.awt.EventDispatchThread.run(EventDispatchThread.java:90) ~[?:?]
2023-05-29 20:06:08,127 WARN o.j.r.p.TestPlanAnalyzer: Cannot parse file: /Users/atlantic/Downloads/demoblaze.com.jmx
org.xml.sax.SAXParseException: Premature end of file.
	at org.apache.xerces.parsers.DOMParser.parse(Unknown Source) ~[xercesImpl-2.12.2.jar:?]
	at org.apache.xerces.jaxp.DocumentBuilderImpl.parse(Unknown Source) ~[xercesImpl-2.12.2.jar:?]
	at javax.xml.parsers.DocumentBuilder.parse(DocumentBuilder.java:122) ~[?:?]
	at org.jmeterplugins.repository.plugins.TestPlanAnalyzer.getNodeListWithClassNames(TestPlanAnalyzer.java:112) ~[jmeter-plugins-manager-1.7.jar:?]
	at org.jmeterplugins.repository.plugins.TestPlanAnalyzer.analyze(TestPlanAnalyzer.java:37) ~[jmeter-plugins-manager-1.7.jar:?]
	at org.jmeterplugins.repository.plugins.PluginSuggester.analyzeTestPlan(PluginSuggester.java:51) ~[jmeter-plugins-manager-1.7.jar:?]
	at org.jmeterplugins.repository.plugins.PluginSuggester.findPluginsToInstall(PluginSuggester.java:44) ~[jmeter-plugins-manager-1.7.jar:?]
	at org.jmeterplugins.repository.plugins.PluginSuggester.checkAndSuggest(PluginSuggester.java:28) ~[jmeter-plugins-manager-1.7.jar:?]
	at org.jmeterplugins.repository.logging.LoggerAppender.append(LoggerAppender.java:33) ~[jmeter-plugins-manager-1.7.jar:?]
	at org.apache.logging.log4j.core.config.AppenderControl.tryCallAppender(AppenderControl.java:161) ~[log4j-core-2.17.2.jar:2.17.2]
	at org.apache.logging.log4j.core.config.AppenderControl.callAppender0(AppenderControl.java:134) ~[log4j-core-2.17.2.jar:2.17.2]
	at org.apache.logging.log4j.core.config.AppenderControl.callAppenderPreventRecursion(AppenderControl.java:125) ~[log4j-core-2.17.2.jar:2.17.2]
	at org.apache.logging.log4j.core.config.AppenderControl.callAppender(AppenderControl.java:89) ~[log4j-core-2.17.2.jar:2.17.2]
	at org.apache.logging.log4j.core.config.LoggerConfig.callAppenders(LoggerConfig.java:675) ~[log4j-core-2.17.2.jar:2.17.2]
	at org.apache.logging.log4j.core.config.LoggerConfig.processLogEvent(LoggerConfig.java:633) ~[log4j-core-2.17.2.jar:2.17.2]
	at org.apache.logging.log4j.core.config.LoggerConfig.log(LoggerConfig.java:616) ~[log4j-core-2.17.2.jar:2.17.2]
	at org.apache.logging.log4j.core.config.LoggerConfig.log(LoggerConfig.java:552) ~[log4j-core-2.17.2.jar:2.17.2]
	at org.apache.logging.log4j.core.config.AwaitCompletionReliabilityStrategy.log(AwaitCompletionReliabilityStrategy.java:82) ~[log4j-core-2.17.2.jar:2.17.2]
	at org.apache.logging.log4j.core.Logger.log(Logger.java:161) ~[log4j-core-2.17.2.jar:2.17.2]
	at org.apache.logging.log4j.spi.AbstractLogger.tryLogMessage(AbstractLogger.java:2205) ~[log4j-api-2.17.2.jar:2.17.2]
	at org.apache.logging.log4j.spi.AbstractLogger.logMessageTrackRecursion(AbstractLogger.java:2159) ~[log4j-api-2.17.2.jar:2.17.2]
	at org.apache.logging.log4j.spi.AbstractLogger.logMessageSafely(AbstractLogger.java:2142) ~[log4j-api-2.17.2.jar:2.17.2]
	at org.apache.logging.log4j.spi.AbstractLogger.logMessage(AbstractLogger.java:2034) ~[log4j-api-2.17.2.jar:2.17.2]
	at org.apache.logging.log4j.spi.AbstractLogger.logIfEnabled(AbstractLogger.java:1899) ~[log4j-api-2.17.2.jar:2.17.2]
	at org.apache.logging.slf4j.Log4jLogger.info(Log4jLogger.java:184) ~[log4j-slf4j-impl-2.17.2.jar:2.17.2]
	at org.apache.jmeter.save.SaveService.loadTree(SaveService.java:425) ~[ApacheJMeter_core.jar:5.5]
	at org.apache.jmeter.gui.action.Load.loadProjectFile(Load.java:129) ~[ApacheJMeter_core.jar:5.5]
	at org.apache.jmeter.gui.action.Load.loadProjectFile(Load.java:101) ~[ApacheJMeter_core.jar:5.5]
	at org.apache.jmeter.gui.action.LoadRecentProject.doActionAfterCheck(LoadRecentProject.java:71) ~[ApacheJMeter_core.jar:5.5]
	at org.apache.jmeter.gui.action.AbstractActionWithNoRunningTest.doAction(AbstractActionWithNoRunningTest.java:44) ~[ApacheJMeter_core.jar:5.5]
	at org.apache.jmeter.gui.action.ActionRouter.performAction(ActionRouter.java:87) ~[ApacheJMeter_core.jar:5.5]
	at org.apache.jmeter.gui.action.ActionRouter.lambda$actionPerformed$0(ActionRouter.java:69) ~[ApacheJMeter_core.jar:5.5]
	at java.awt.event.InvocationEvent.dispatch(InvocationEvent.java:313) ~[?:?]
	at java.awt.EventQueue.dispatchEventImpl(EventQueue.java:770) ~[?:?]
	at java.awt.EventQueue$4.run(EventQueue.java:721) ~[?:?]
	at java.awt.EventQueue$4.run(EventQueue.java:715) ~[?:?]
	at java.security.AccessController.doPrivileged(Native Method) ~[?:?]
	at java.security.ProtectionDomain$JavaSecurityAccessImpl.doIntersectionPrivilege(ProtectionDomain.java:85) ~[?:?]
	at java.awt.EventQueue.dispatchEvent(EventQueue.java:740) ~[?:?]
	at java.awt.EventDispatchThread.pumpOneEventForFilters(EventDispatchThread.java:203) ~[?:?]
	at java.awt.EventDispatchThread.pumpEventsForFilter(EventDispatchThread.java:124) ~[?:?]
	at java.awt.EventDispatchThread.pumpEventsForHierarchy(EventDispatchThread.java:113) ~[?:?]
	at java.awt.EventDispatchThread.pumpEvents(EventDispatchThread.java:109) ~[?:?]
	at java.awt.EventDispatchThread.pumpEvents(EventDispatchThread.java:101) ~[?:?]
	at java.awt.EventDispatchThread.run(EventDispatchThread.java:90) ~[?:?]
2023-05-29 20:06:08,128 WARN o.a.j.g.a.Load: Error reading file. java.io.FileNotFoundException: /Users/atlantic/Downloads/demoblaze.com.jmx (No such file or directory)
2023-05-29 20:06:08,129 ERROR o.a.j.u.JMeterUtils: /Users/atlantic/Downloads/demoblaze.com.jmx (No such file or directory)
2023-05-29 20:06:19,497 INFO o.a.j.g.a.Load: Loading file: /Users/atlantic/Downloads/petstore1.jmx
2023-05-29 20:06:19,498 INFO o.a.j.s.FileServer: Set new base='/Users/atlantic/Downloads'
2023-05-29 20:06:19,498 INFO o.a.j.s.SaveService: Loading file: /Users/atlantic/Downloads/petstore1.jmx
2023-05-29 20:06:19,610 INFO o.a.j.v.ViewResultsFullVisualizer: Add JavaFX to your Java installation if you want to use renderer: org.apache.jmeter.visualizers.RenderInBrowser
2023-05-29 20:06:19,666 INFO o.a.j.s.FileServer: Set new base='/Users/atlantic/Downloads'
